Build started 2015/5/28 0:26:49.
     1>Project "E:\Project\JSAC15\Controller\Controller.vcxproj" on node 3 (build target(s)).
     1>InitializeBuildStatus:
         Touching "Release\Controller.unsuccessfulbuild".
       ClCompile:
         C:\Program Files (x86)\Microsoft Visual Studio 10.0\VC\bin\CL.exe /c /Zi /nologo /W3 /WX- /O2 /Oi /Oy- /GL /D _MBCS /Gm- /EHsc /MD /GS /Gy /fp:precise /Zc:wchar_t /Zc:forScope /Fo"Release\\" /Fd"Release\vc100.pdb" /Gd /TP /analyze- /errorReport:prompt main.cpp TestSys.cpp
         main.cpp
     1>main.cpp(8): fatal error C1083: Cannot open include file: 'termios.h': No such file or directory
         TestSys.cpp
     1>e:\project\jsac15\controller\../Caravel/TimeDiff.h(6): fatal error C1083: Cannot open include file: 'sys/time.h': No such file or directory
     1>Done Building Project "E:\Project\JSAC15\Controller\Controller.vcxproj" (build target(s)) -- FAILED.

Build FAILED.

Time Elapsed 00:00:00.34
